2025-12-13T21:05:04.432189+00:00 INFO 'ansible_navigator.setup_logger' New ansible-navigator instance, logging initialized
2025-12-13T21:05:04.432527+00:00 INFO 'ansible_navigator.setup_logger' New ansible-runner instance, logging initialized
2025-12-13T21:05:04.432559+00:00 DEBUG 'ansible_navigator.main' MarkupSafe==3.0.3 
2025-12-13T21:05:04.432578+00:00 DEBUG 'ansible_navigator.main' Parsley==1.3 
2025-12-13T21:05:04.432593+00:00 DEBUG 'ansible_navigator.main' PyYAML==6.0.3 
2025-12-13T21:05:04.432607+00:00 DEBUG 'ansible_navigator.main' ansible-builder==3.1.1 
2025-12-13T21:05:04.432620+00:00 DEBUG 'ansible_navigator.main' ansible-compat==25.12.0 
2025-12-13T21:05:04.432633+00:00 DEBUG 'ansible_navigator.main' ansible-core==2.17.14 
2025-12-13T21:05:04.432646+00:00 DEBUG 'ansible_navigator.main' ansible-lint==25.12.1 
2025-12-13T21:05:04.432660+00:00 DEBUG 'ansible_navigator.main' ansible-navigator==25.12.0 
2025-12-13T21:05:04.432672+00:00 DEBUG 'ansible_navigator.main' ansible-runner==2.4.2 
2025-12-13T21:05:04.432685+00:00 DEBUG 'ansible_navigator.main' aws-cdk-lib==2.202.0 
2025-12-13T21:05:04.432697+00:00 DEBUG 'ansible_navigator.main' bindep==2.13.0 /home/russest3/repos/Simple-Kubernetes-Cluster/workspace/.venv/lib/python3.10/site-packages/bindep/__init__.py
2025-12-13T21:05:04.432709+00:00 DEBUG 'ansible_navigator.main' boto3==1.42.9 /home/russest3/repos/Simple-Kubernetes-Cluster/workspace/.venv/lib/python3.10/site-packages/boto3/__init__.py
2025-12-13T21:05:04.432722+00:00 DEBUG 'ansible_navigator.main' botocore==1.42.9 /home/russest3/repos/Simple-Kubernetes-Cluster/workspace/.venv/lib/python3.10/site-packages/botocore/__init__.py
2025-12-13T21:05:04.432734+00:00 DEBUG 'ansible_navigator.main' cffi==2.0.0 /home/russest3/repos/Simple-Kubernetes-Cluster/workspace/.venv/lib/python3.10/site-packages/cffi/__init__.py
2025-12-13T21:05:04.432745+00:00 DEBUG 'ansible_navigator.main' constructs==10.4.4 /home/russest3/repos/Simple-Kubernetes-Cluster/workspace/.venv/lib/python3.10/site-packages/constructs/__init__.py
2025-12-13T21:05:04.432757+00:00 DEBUG 'ansible_navigator.main' distro==1.9.0 /home/russest3/repos/Simple-Kubernetes-Cluster/workspace/.venv/lib/python3.10/site-packages/distro/__init__.py
2025-12-13T21:05:04.432769+00:00 DEBUG 'ansible_navigator.main' importlib_resources==6.5.2 /home/russest3/repos/Simple-Kubernetes-Cluster/workspace/.venv/lib/python3.10/site-packages/importlib_resources/__init__.py
2025-12-13T21:05:04.432781+00:00 DEBUG 'ansible_navigator.main' jmespath==1.0.1 /home/russest3/repos/Simple-Kubernetes-Cluster/workspace/.venv/lib/python3.10/site-packages/jmespath/__init__.py
2025-12-13T21:05:04.432793+00:00 DEBUG 'ansible_navigator.main' jsii==1.121.0 /home/russest3/repos/Simple-Kubernetes-Cluster/workspace/.venv/lib/python3.10/site-packages/jsii/__init__.py
2025-12-13T21:05:04.432805+00:00 DEBUG 'ansible_navigator.main' lockfile==0.12.2 /home/russest3/repos/Simple-Kubernetes-Cluster/workspace/.venv/lib/python3.10/site-packages/lockfile/__init__.py
2025-12-13T21:05:04.432817+00:00 DEBUG 'ansible_navigator.main' onigurumacffi==1.4.1 /home/russest3/repos/Simple-Kubernetes-Cluster/workspace/.venv/lib/python3.10/site-packages/onigurumacffi.py
2025-12-13T21:05:04.432829+00:00 DEBUG 'ansible_navigator.main' pbr==7.0.3 /home/russest3/repos/Simple-Kubernetes-Cluster/workspace/.venv/lib/python3.10/site-packages/pbr/__init__.py
2025-12-13T21:05:04.432840+00:00 DEBUG 'ansible_navigator.main' pexpect==4.9.0 /home/russest3/repos/Simple-Kubernetes-Cluster/workspace/.venv/lib/python3.10/site-packages/pexpect/__init__.py
2025-12-13T21:05:04.432852+00:00 DEBUG 'ansible_navigator.main' pycparser==2.23 /home/russest3/repos/Simple-Kubernetes-Cluster/workspace/.venv/lib/python3.10/site-packages/pycparser/__init__.py
2025-12-13T21:05:04.432864+00:00 DEBUG 'ansible_navigator.main' python-daemon==3.1.2 
2025-12-13T21:05:04.432876+00:00 DEBUG 'ansible_navigator.main' python-dateutil==2.9.0.post0 
2025-12-13T21:05:04.432887+00:00 DEBUG 'ansible_navigator.main' pytokens==0.3.0 /home/russest3/repos/Simple-Kubernetes-Cluster/workspace/.venv/lib/python3.10/site-packages/pytokens/__init__.py
2025-12-13T21:05:04.432901+00:00 DEBUG 'ansible_navigator.main' resolvelib==1.0.1 /home/russest3/repos/Simple-Kubernetes-Cluster/workspace/.venv/lib/python3.10/site-packages/resolvelib/__init__.py
2025-12-13T21:05:04.432914+00:00 DEBUG 'ansible_navigator.main' ruamel.yaml.clib==0.2.15 
2025-12-13T21:05:04.432926+00:00 DEBUG 'ansible_navigator.main' ruamel.yaml==0.18.16 /home/russest3/repos/Simple-Kubernetes-Cluster/workspace/.venv/lib/python3.10/site-packages/ruamel/yaml/__init__.py
2025-12-13T21:05:04.432943+00:00 DEBUG 'ansible_navigator.main' s3transfer==0.16.0 /home/russest3/repos/Simple-Kubernetes-Cluster/workspace/.venv/lib/python3.10/site-packages/s3transfer/__init__.py
2025-12-13T21:05:04.432956+00:00 DEBUG 'ansible_navigator.main' setuptools==59.6.0 /home/russest3/repos/Simple-Kubernetes-Cluster/workspace/.venv/lib/python3.10/site-packages/setuptools/__init__.py
2025-12-13T21:05:04.432967+00:00 DEBUG 'ansible_navigator.main' six==1.17.0 /home/russest3/repos/Simple-Kubernetes-Cluster/workspace/.venv/lib/python3.10/site-packages/six.py
2025-12-13T21:05:04.432980+00:00 DEBUG 'ansible_navigator.main' subprocess-tee==0.4.2 
2025-12-13T21:05:04.432992+00:00 DEBUG 'ansible_navigator.main' typeguard==2.13.3 /home/russest3/repos/Simple-Kubernetes-Cluster/workspace/.venv/lib/python3.10/site-packages/typeguard/__init__.py
2025-12-13T21:05:04.433003+00:00 DEBUG 'ansible_navigator.main' tzdata==2025.3 /home/russest3/repos/Simple-Kubernetes-Cluster/workspace/.venv/lib/python3.10/site-packages/tzdata/__init__.py
2025-12-13T21:05:04.433016+00:00 DEBUG 'ansible_navigator.main' yamllint==1.37.1 /home/russest3/repos/Simple-Kubernetes-Cluster/workspace/.venv/lib/python3.10/site-packages/yamllint/__init__.py
2025-12-13T21:05:04.433027+00:00 DEBUG 'ansible_navigator.main' Default collection_doc_cache_path set to: /home/russest3/.cache/ansible-navigator/collection_doc_cache.db
2025-12-13T21:05:04.433040+00:00 DEBUG 'ansible_navigator.main' EDITOR environment variable not set
2025-12-13T21:05:04.433051+00:00 DEBUG 'ansible_navigator.main' Default editor_command set to: vi +{line_number} {filename}
2025-12-13T21:05:04.433063+00:00 DEBUG 'ansible_navigator.main' No config file set by ANSIBLE_NAVIGATOR_CONFIG
2025-12-13T21:05:04.433075+00:00 DEBUG 'ansible_navigator.main' Looking in /home/russest3/.ansible-navigator
2025-12-13T21:05:04.433086+00:00 DEBUG 'ansible_navigator.main' Looking for '/home/russest3/.ansible-navigator.yml', '/home/russest3/.ansible-navigator.yaml' and '/home/russest3/.ansible-navigator.json'
2025-12-13T21:05:04.433097+00:00 DEBUG 'ansible_navigator.main' Found 0: 
2025-12-13T21:05:04.433110+00:00 DEBUG 'ansible_navigator.main' Looking in /home/russest3/repos/Simple-Kubernetes-Cluster/ansible-navigator
2025-12-13T21:05:04.433121+00:00 DEBUG 'ansible_navigator.main' Looking for '/home/russest3/repos/Simple-Kubernetes-Cluster/ansible-navigator.yml', '/home/russest3/repos/Simple-Kubernetes-Cluster/ansible-navigator.yaml' and '/home/russest3/repos/Simple-Kubernetes-Cluster/ansible-navigator.json'
2025-12-13T21:05:04.433137+00:00 DEBUG 'ansible_navigator.main' Found 0: 
2025-12-13T21:05:04.433150+00:00 DEBUG 'ansible_navigator.main' All found 0: 
2025-12-13T21:05:04.433162+00:00 DEBUG 'ansible_navigator.main' Using: None
2025-12-13T21:05:04.433174+00:00 DEBUG 'ansible_navigator.main' No valid settings file found, using all default values for settings.
2025-12-13T21:05:04.433186+00:00 DEBUG 'ansible_navigator.main' Command provided: ''
2025-12-13T21:05:04.433198+00:00 DEBUG 'ansible_navigator.main' EE support enabled: using current working directory for 'ansible.cfg'
2025-12-13T21:05:04.433210+00:00 INFO 'ansible_navigator.main' EE support enabled: found 'ansible.cfg' in current working directory.
2025-12-13T21:05:04.433221+00:00 DEBUG 'ansible_navigator.main' Completed post processing for ansible_runner_artifact_dir. (changed=False)
2025-12-13T21:05:04.433233+00:00 DEBUG 'ansible_navigator.main' Completed post processing for ansible_runner_rotate_artifacts_count. (changed=False)
2025-12-13T21:05:04.433246+00:00 DEBUG 'ansible_navigator.main' Completed post processing for ansible_runner_timeout. (changed=False)
2025-12-13T21:05:04.433259+00:00 DEBUG 'ansible_navigator.main' Completed post processing for cmdline. (changed=False)
2025-12-13T21:05:04.433270+00:00 DEBUG 'ansible_navigator.main' Completed post processing for collection_doc_cache_path. (changed=False)
2025-12-13T21:05:04.433291+00:00 DEBUG 'ansible_navigator.main' Completed post processing for config. (changed=False)
2025-12-13T21:05:04.433303+00:00 DEBUG 'ansible_navigator.main' Completed post processing for config. (changed=False)
2025-12-13T21:05:04.433321+00:00 DEBUG 'ansible_navigator.main' Completed post processing for container_engine. (changed=False)
2025-12-13T21:05:04.433333+00:00 DEBUG 'ansible_navigator.main' Completed post processing for container_options. (changed=False)
2025-12-13T21:05:04.433345+00:00 DEBUG 'ansible_navigator.main' Completed post processing for display_color. (changed=False)
2025-12-13T21:05:04.433357+00:00 DEBUG 'ansible_navigator.main' Completed post processing for enable_prompts. (changed=False)
2025-12-13T21:05:04.433369+00:00 DEBUG 'ansible_navigator.main' Completed post processing for execution_environment. (changed=False)
2025-12-13T21:05:04.433380+00:00 DEBUG 'ansible_navigator.main' Completed post processing for execution_environment_image. (changed=False)
2025-12-13T21:05:04.433392+00:00 DEBUG 'ansible_navigator.main' Completed post processing for help_builder. (changed=False)
2025-12-13T21:05:04.433403+00:00 DEBUG 'ansible_navigator.main' Completed post processing for help_config. (changed=False)
2025-12-13T21:05:04.433421+00:00 DEBUG 'ansible_navigator.main' Completed post processing for help_doc. (changed=False)
2025-12-13T21:05:04.433432+00:00 DEBUG 'ansible_navigator.main' Completed post processing for help_inventory. (changed=False)
2025-12-13T21:05:04.433443+00:00 DEBUG 'ansible_navigator.main' Completed post processing for help_playbook. (changed=False)
2025-12-13T21:05:04.433455+00:00 DEBUG 'ansible_navigator.main' Completed post processing for images_details. (changed=False)
2025-12-13T21:05:04.433466+00:00 DEBUG 'ansible_navigator.main' Completed post processing for inventory. (changed=False)
2025-12-13T21:05:04.433477+00:00 DEBUG 'ansible_navigator.main' Completed post processing for inventory_column. (changed=False)
2025-12-13T21:05:04.433488+00:00 DEBUG 'ansible_navigator.main' Completed post processing for log_file. (changed=False)
2025-12-13T21:05:04.433499+00:00 DEBUG 'ansible_navigator.main' Completed post processing for pass_environment_variable. (changed=False)
2025-12-13T21:05:04.433511+00:00 DEBUG 'ansible_navigator.main' Completed post processing for playbook. (changed=False)
2025-12-13T21:05:04.433522+00:00 DEBUG 'ansible_navigator.main' Completed post processing for playbook_artifact_replay. (changed=False)
2025-12-13T21:05:04.433533+00:00 DEBUG 'ansible_navigator.main' Completed post processing for playbook_artifact_save_as. (changed=False)
2025-12-13T21:05:04.433545+00:00 DEBUG 'ansible_navigator.main' Completed post processing for plugin_name. (changed=False)
2025-12-13T21:05:04.433556+00:00 DEBUG 'ansible_navigator.main' Completed post processing for pull_arguments. (changed=False)
2025-12-13T21:05:04.433567+00:00 DEBUG 'ansible_navigator.main' Completed post processing for set_environment_variable. (changed=False)
2025-12-13T21:05:04.433579+00:00 DEBUG 'ansible_navigator.main' Completed post processing for settings_effective. (changed=False)
2025-12-13T21:05:04.433590+00:00 DEBUG 'ansible_navigator.main' Completed post processing for settings_sample. (changed=False)
2025-12-13T21:05:04.433600+00:00 DEBUG 'ansible_navigator.main' Completed post processing for settings_schema. (changed=False)
2025-12-13T21:05:04.433612+00:00 DEBUG 'ansible_navigator.main' Completed post processing for settings_sources. (changed=False)
2025-12-13T21:05:04.433623+00:00 DEBUG 'ansible_navigator.main' Completed post processing for time_zone. (changed=False)
2025-12-13T21:05:04.433635+00:00 DEBUG 'ansible_navigator.main' Completed post processing for execution_environment_volume_mounts. (changed=False)
2025-12-13T21:05:04.433648+00:00 DEBUG 'ansible_navigator.main' Completed post processing for mode. (changed=False)
2025-12-13T21:05:04.433659+00:00 DEBUG 'ansible_navigator.main' Completed post processing for playbook_artifact_enable. (changed=False)
2025-12-13T21:05:04.433672+00:00 WARNING 'ansible_navigator.main' Configuration errors encountered, rolling back to previous configuration.
2025-12-13T21:05:04.433685+00:00 DEBUG 'ansible_navigator.main' Prior to rollback: ansible_runner_artifact_dir = 'Not set' (Constants/Not set)
2025-12-13T21:05:04.433698+00:00 DEBUG 'ansible_navigator.main' Prior to rollback: ansible_runner_rotate_artifacts_count = 'Not set' (Constants/Not set)
2025-12-13T21:05:04.433710+00:00 DEBUG 'ansible_navigator.main' Prior to rollback: ansible_runner_timeout = 'Not set' (Constants/Not set)
2025-12-13T21:05:04.433721+00:00 DEBUG 'ansible_navigator.main' Prior to rollback: ansible_runner_write_job_events = 'False' (bool/Defaults)
2025-12-13T21:05:04.433733+00:00 DEBUG 'ansible_navigator.main' Prior to rollback: app = 'welcome' (str/Defaults)
2025-12-13T21:05:04.433745+00:00 DEBUG 'ansible_navigator.main' Prior to rollback: cmdline = 'Not set' (Constants/Not set)
2025-12-13T21:05:04.433756+00:00 DEBUG 'ansible_navigator.main' Prior to rollback: collection_doc_cache_path = '/home/russest3/.cache/ansible-navigator/collection_doc_cache.db' (str/Defaults)
2025-12-13T21:05:04.433768+00:00 DEBUG 'ansible_navigator.main' Prior to rollback: config = 'Not set' (Constants/Not set)
2025-12-13T21:05:04.433780+00:00 DEBUG 'ansible_navigator.main' Prior to rollback: container_engine = 'auto' (str/Defaults)
2025-12-13T21:05:04.433791+00:00 DEBUG 'ansible_navigator.main' Prior to rollback: container_options = 'Not set' (Constants/Not set)
2025-12-13T21:05:04.433803+00:00 DEBUG 'ansible_navigator.main' Prior to rollback: display_color = 'True' (bool/Defaults)
2025-12-13T21:05:04.433814+00:00 DEBUG 'ansible_navigator.main' Prior to rollback: editor_command = 'vi +{line_number} {filename}' (str/Defaults)
2025-12-13T21:05:04.433825+00:00 DEBUG 'ansible_navigator.main' Prior to rollback: editor_console = 'True' (bool/Defaults)
2025-12-13T21:05:04.433836+00:00 DEBUG 'ansible_navigator.main' Prior to rollback: enable_prompts = 'False' (bool/Defaults)
2025-12-13T21:05:04.433848+00:00 DEBUG 'ansible_navigator.main' Prior to rollback: exec_command = '/bin/bash' (str/Defaults)
2025-12-13T21:05:04.433859+00:00 DEBUG 'ansible_navigator.main' Prior to rollback: exec_shell = 'True' (bool/Defaults)
2025-12-13T21:05:04.433870+00:00 DEBUG 'ansible_navigator.main' Prior to rollback: execution_environment = 'True' (bool/Defaults)
2025-12-13T21:05:04.433881+00:00 DEBUG 'ansible_navigator.main' Prior to rollback: execution_environment_image = 'ghcr.io/ansible/community-ansible-dev-tools:latest' (str/Defaults)
2025-12-13T21:05:04.433892+00:00 DEBUG 'ansible_navigator.main' Prior to rollback: execution_environment_volume_mounts = 'Not set' (Constants/Not set)
2025-12-13T21:05:04.433903+00:00 DEBUG 'ansible_navigator.main' Prior to rollback: format = 'yaml' (str/Defaults)
2025-12-13T21:05:04.433914+00:00 DEBUG 'ansible_navigator.main' Prior to rollback: help_builder = 'False' (bool/Defaults)
2025-12-13T21:05:04.433926+00:00 DEBUG 'ansible_navigator.main' Prior to rollback: help_config = 'False' (bool/Defaults)
2025-12-13T21:05:04.433939+00:00 DEBUG 'ansible_navigator.main' Prior to rollback: help_doc = 'False' (bool/Defaults)
2025-12-13T21:05:04.433951+00:00 DEBUG 'ansible_navigator.main' Prior to rollback: help_inventory = 'False' (bool/Defaults)
2025-12-13T21:05:04.433963+00:00 DEBUG 'ansible_navigator.main' Prior to rollback: help_playbook = 'False' (bool/Defaults)
2025-12-13T21:05:04.433975+00:00 DEBUG 'ansible_navigator.main' Prior to rollback: images_details = '['everything']' (list/Defaults)
2025-12-13T21:05:04.433985+00:00 DEBUG 'ansible_navigator.main' Prior to rollback: inventory = 'Not set' (Constants/Not set)
2025-12-13T21:05:04.433998+00:00 DEBUG 'ansible_navigator.main' Prior to rollback: inventory_column = 'Not set' (Constants/Not set)
2025-12-13T21:05:04.434009+00:00 DEBUG 'ansible_navigator.main' Prior to rollback: lint_config = 'Not set' (Constants/Not set)
2025-12-13T21:05:04.434021+00:00 DEBUG 'ansible_navigator.main' Prior to rollback: lintables = 'Not set' (Constants/Not set)
2025-12-13T21:05:04.434032+00:00 DEBUG 'ansible_navigator.main' Prior to rollback: log_append = 'True' (bool/Defaults)
2025-12-13T21:05:04.434043+00:00 DEBUG 'ansible_navigator.main' Prior to rollback: log_file = '/home/russest3/repos/Simple-Kubernetes-Cluster/ansible-navigator.log' (str/Defaults)
2025-12-13T21:05:04.434055+00:00 DEBUG 'ansible_navigator.main' Prior to rollback: log_level = 'warning' (str/Defaults)
2025-12-13T21:05:04.434067+00:00 DEBUG 'ansible_navigator.main' Prior to rollback: mode = 'interactive' (str/Defaults)
2025-12-13T21:05:04.434078+00:00 DEBUG 'ansible_navigator.main' Prior to rollback: osc4 = 'True' (bool/Defaults)
2025-12-13T21:05:04.434090+00:00 DEBUG 'ansible_navigator.main' Prior to rollback: pass_environment_variable = 'Not set' (Constants/Not set)
2025-12-13T21:05:04.434101+00:00 DEBUG 'ansible_navigator.main' Prior to rollback: playbook = 'Not set' (Constants/Not set)
2025-12-13T21:05:04.434112+00:00 DEBUG 'ansible_navigator.main' Prior to rollback: playbook_artifact_enable = 'True' (bool/Defaults)
2025-12-13T21:05:04.434124+00:00 DEBUG 'ansible_navigator.main' Prior to rollback: playbook_artifact_replay = 'Not set' (Constants/Not set)
2025-12-13T21:05:04.434135+00:00 DEBUG 'ansible_navigator.main' Prior to rollback: playbook_artifact_save_as = '{playbook_dir}/{playbook_name}-artifact-{time_stamp}.json' (str/Defaults)
2025-12-13T21:05:04.434145+00:00 DEBUG 'ansible_navigator.main' Prior to rollback: plugin_name = 'Not set' (Constants/Not set)
2025-12-13T21:05:04.434157+00:00 DEBUG 'ansible_navigator.main' Prior to rollback: plugin_type = 'module' (str/Defaults)
2025-12-13T21:05:04.434168+00:00 DEBUG 'ansible_navigator.main' Prior to rollback: pull_arguments = 'Not set' (Constants/Not set)
2025-12-13T21:05:04.434179+00:00 DEBUG 'ansible_navigator.main' Prior to rollback: pull_policy = 'tag' (str/Defaults)
2025-12-13T21:05:04.434191+00:00 DEBUG 'ansible_navigator.main' Prior to rollback: set_environment_variable = 'Not set' (Constants/Not set)
2025-12-13T21:05:04.434202+00:00 DEBUG 'ansible_navigator.main' Prior to rollback: settings_effective = 'False' (bool/Defaults)
2025-12-13T21:05:04.434213+00:00 DEBUG 'ansible_navigator.main' Prior to rollback: settings_sample = 'False' (bool/Defaults)
2025-12-13T21:05:04.434224+00:00 DEBUG 'ansible_navigator.main' Prior to rollback: settings_schema = 'json' (str/Defaults)
2025-12-13T21:05:04.434235+00:00 DEBUG 'ansible_navigator.main' Prior to rollback: settings_sources = 'False' (bool/Defaults)
2025-12-13T21:05:04.434247+00:00 DEBUG 'ansible_navigator.main' Prior to rollback: time_zone = 'UTC' (str/Defaults)
2025-12-13T21:05:04.434259+00:00 DEBUG 'ansible_navigator.main' Prior to rollback: workdir = '/home/russest3/repos/Simple-Kubernetes-Cluster' (str/Defaults)
2025-12-13T21:05:04.434270+00:00 DEBUG 'ansible_navigator.main' After rollback: ansible_runner_artifact_dir = 'Not set' (Constants/Not set)
2025-12-13T21:05:04.434282+00:00 DEBUG 'ansible_navigator.main' After rollback: ansible_runner_rotate_artifacts_count = 'Not set' (Constants/Not set)
2025-12-13T21:05:04.434293+00:00 DEBUG 'ansible_navigator.main' After rollback: ansible_runner_timeout = 'Not set' (Constants/Not set)
2025-12-13T21:05:04.434304+00:00 DEBUG 'ansible_navigator.main' After rollback: ansible_runner_write_job_events = 'Not set' (Constants/Not set)
2025-12-13T21:05:04.434315+00:00 DEBUG 'ansible_navigator.main' After rollback: app = 'Not set' (Constants/Not set)
2025-12-13T21:05:04.434326+00:00 DEBUG 'ansible_navigator.main' After rollback: cmdline = 'Not set' (Constants/Not set)
2025-12-13T21:05:04.434338+00:00 DEBUG 'ansible_navigator.main' After rollback: collection_doc_cache_path = 'Not set' (Constants/Not set)
2025-12-13T21:05:04.434351+00:00 DEBUG 'ansible_navigator.main' After rollback: config = 'Not set' (Constants/Not set)
2025-12-13T21:05:04.434364+00:00 DEBUG 'ansible_navigator.main' After rollback: container_engine = 'Not set' (Constants/Not set)
2025-12-13T21:05:04.434375+00:00 DEBUG 'ansible_navigator.main' After rollback: container_options = 'Not set' (Constants/Not set)
2025-12-13T21:05:04.434386+00:00 DEBUG 'ansible_navigator.main' After rollback: display_color = 'Not set' (Constants/Not set)
2025-12-13T21:05:04.434398+00:00 DEBUG 'ansible_navigator.main' After rollback: editor_command = 'Not set' (Constants/Not set)
2025-12-13T21:05:04.434409+00:00 DEBUG 'ansible_navigator.main' After rollback: editor_console = 'Not set' (Constants/Not set)
2025-12-13T21:05:04.434421+00:00 DEBUG 'ansible_navigator.main' After rollback: enable_prompts = 'Not set' (Constants/Not set)
2025-12-13T21:05:04.434432+00:00 DEBUG 'ansible_navigator.main' After rollback: exec_command = 'Not set' (Constants/Not set)
2025-12-13T21:05:04.434443+00:00 DEBUG 'ansible_navigator.main' After rollback: exec_shell = 'Not set' (Constants/Not set)
2025-12-13T21:05:04.434454+00:00 DEBUG 'ansible_navigator.main' After rollback: execution_environment = 'Not set' (Constants/Not set)
2025-12-13T21:05:04.434465+00:00 DEBUG 'ansible_navigator.main' After rollback: execution_environment_image = 'Not set' (Constants/Not set)
2025-12-13T21:05:04.434477+00:00 DEBUG 'ansible_navigator.main' After rollback: execution_environment_volume_mounts = 'Not set' (Constants/Not set)
2025-12-13T21:05:04.434488+00:00 DEBUG 'ansible_navigator.main' After rollback: format = 'Not set' (Constants/Not set)
2025-12-13T21:05:04.434500+00:00 DEBUG 'ansible_navigator.main' After rollback: help_builder = 'Not set' (Constants/Not set)
2025-12-13T21:05:04.434511+00:00 DEBUG 'ansible_navigator.main' After rollback: help_config = 'Not set' (Constants/Not set)
2025-12-13T21:05:04.434523+00:00 DEBUG 'ansible_navigator.main' After rollback: help_doc = 'Not set' (Constants/Not set)
2025-12-13T21:05:04.434534+00:00 DEBUG 'ansible_navigator.main' After rollback: help_inventory = 'Not set' (Constants/Not set)
2025-12-13T21:05:04.434545+00:00 DEBUG 'ansible_navigator.main' After rollback: help_playbook = 'Not set' (Constants/Not set)
2025-12-13T21:05:04.434556+00:00 DEBUG 'ansible_navigator.main' After rollback: images_details = 'Not set' (Constants/Not set)
2025-12-13T21:05:04.434567+00:00 DEBUG 'ansible_navigator.main' After rollback: inventory = 'Not set' (Constants/Not set)
2025-12-13T21:05:04.434578+00:00 DEBUG 'ansible_navigator.main' After rollback: inventory_column = 'Not set' (Constants/Not set)
2025-12-13T21:05:04.434590+00:00 DEBUG 'ansible_navigator.main' After rollback: lint_config = 'Not set' (Constants/Not set)
2025-12-13T21:05:04.434601+00:00 DEBUG 'ansible_navigator.main' After rollback: lintables = 'Not set' (Constants/Not set)
2025-12-13T21:05:04.434613+00:00 DEBUG 'ansible_navigator.main' After rollback: log_append = 'Not set' (Constants/Not set)
2025-12-13T21:05:04.434623+00:00 DEBUG 'ansible_navigator.main' After rollback: log_file = 'Not set' (Constants/Not set)
2025-12-13T21:05:04.434634+00:00 DEBUG 'ansible_navigator.main' After rollback: log_level = 'Not set' (Constants/Not set)
2025-12-13T21:05:04.434646+00:00 DEBUG 'ansible_navigator.main' After rollback: mode = 'Not set' (Constants/Not set)
2025-12-13T21:05:04.434657+00:00 DEBUG 'ansible_navigator.main' After rollback: osc4 = 'Not set' (Constants/Not set)
2025-12-13T21:05:04.434669+00:00 DEBUG 'ansible_navigator.main' After rollback: pass_environment_variable = 'Not set' (Constants/Not set)
2025-12-13T21:05:04.434680+00:00 DEBUG 'ansible_navigator.main' After rollback: playbook = 'Not set' (Constants/Not set)
2025-12-13T21:05:04.434691+00:00 DEBUG 'ansible_navigator.main' After rollback: playbook_artifact_enable = 'Not set' (Constants/Not set)
2025-12-13T21:05:04.434703+00:00 DEBUG 'ansible_navigator.main' After rollback: playbook_artifact_replay = 'Not set' (Constants/Not set)
2025-12-13T21:05:04.434716+00:00 DEBUG 'ansible_navigator.main' After rollback: playbook_artifact_save_as = 'Not set' (Constants/Not set)
2025-12-13T21:05:04.434728+00:00 DEBUG 'ansible_navigator.main' After rollback: plugin_name = 'Not set' (Constants/Not set)
2025-12-13T21:05:04.434740+00:00 DEBUG 'ansible_navigator.main' After rollback: plugin_type = 'Not set' (Constants/Not set)
2025-12-13T21:05:04.434752+00:00 DEBUG 'ansible_navigator.main' After rollback: pull_arguments = 'Not set' (Constants/Not set)
2025-12-13T21:05:04.434763+00:00 DEBUG 'ansible_navigator.main' After rollback: pull_policy = 'Not set' (Constants/Not set)
2025-12-13T21:05:04.434774+00:00 DEBUG 'ansible_navigator.main' After rollback: set_environment_variable = 'Not set' (Constants/Not set)
2025-12-13T21:05:04.434786+00:00 DEBUG 'ansible_navigator.main' After rollback: settings_effective = 'Not set' (Constants/Not set)
2025-12-13T21:05:04.434797+00:00 DEBUG 'ansible_navigator.main' After rollback: settings_sample = 'Not set' (Constants/Not set)
2025-12-13T21:05:04.434808+00:00 DEBUG 'ansible_navigator.main' After rollback: settings_schema = 'Not set' (Constants/Not set)
2025-12-13T21:05:04.434820+00:00 DEBUG 'ansible_navigator.main' After rollback: settings_sources = 'Not set' (Constants/Not set)
2025-12-13T21:05:04.434832+00:00 DEBUG 'ansible_navigator.main' After rollback: time_zone = 'Not set' (Constants/Not set)
2025-12-13T21:05:04.434843+00:00 DEBUG 'ansible_navigator.main' After rollback: workdir = 'Not set' (Constants/Not set)
2025-12-13T21:05:04.434855+00:00 DEBUG 'ansible_navigator.main' Configuration rollback complete.
2025-12-13T21:05:04.434866+00:00 DEBUG 'ansible_navigator.main' Collection doc cache not mounted
2025-12-13T21:05:04.434884+00:00 WARNING 'ansible_navigator.main' Issues were found while applying the settings.
2025-12-13T21:05:04.434899+00:00 INFO 'ansible_navigator.main' Command provided: ''
2025-12-13T21:05:04.434915+00:00 ERROR 'ansible_navigator.main' No container engine could be found: 'auto', set by 'Defaults'
2025-12-13T21:05:04.434931+00:00 INFO 'ansible_navigator.main' Try installing 'podman' or 'docker'
2025-12-13T21:05:04.434949+00:00 INFO 'ansible_navigator.main' Configuration failed, using default log file location. (/home/russest3/repos/Simple-Kubernetes-Cluster/ansible-navigator.log) Log level set to debug
2025-12-13T21:05:04.434963+00:00 INFO 'ansible_navigator.main' Review the hints and log file to see what went wrong.
